<?xml version="1.0" encoding="UTF-8" ?>
<testsuite tests="12" failures="4" name="TestSuite" time="2.532" errors="0" skipped="7">
  <properties>
    <property name="java.runtime.name" value="Java(TM) SE Runtime Environment"/>
    <property name="sun.boot.library.path" value="C:\Program Files\Java\jdk1.8.0_162\jre\bin"/>
    <property name="java.vm.version" value="25.162-b12"/>
    <property name="java.vm.vendor" value="Oracle Corporation"/>
    <property name="maven.multiModuleProjectDirectory" value="C:\Users\I350380\workspace\RestAssuredTestingFramework"/>
    <property name="java.vendor.url" value="http://java.oracle.com/"/>
    <property name="path.separator" value=";"/>
    <property name="guice.disable.misplaced.annotation.check" value="true"/>
    <property name="java.vm.name" value="Java HotSpot(TM) 64-Bit Server VM"/>
    <property name="file.encoding.pkg" value="sun.io"/>
    <property name="user.script" value=""/>
    <property name="user.country" value="IE"/>
    <property name="sun.java.launcher" value="SUN_STANDARD"/>
    <property name="sun.os.patch.level" value=""/>
    <property name="java.vm.specification.name" value="Java Virtual Machine Specification"/>
    <property name="user.dir" value="C:\Users\I350380\workspace\RestAssuredTestingFramework"/>
    <property name="java.runtime.version" value="1.8.0_162-b12"/>
    <property name="java.awt.graphicsenv" value="sun.awt.Win32GraphicsEnvironment"/>
    <property name="java.endorsed.dirs" value="C:\Program Files\Java\jdk1.8.0_162\jre\lib\endorsed"/>
    <property name="os.arch" value="amd64"/>
    <property name="java.io.tmpdir" value="C:\Users\I350380\AppData\Local\Temp\"/>
    <property name="line.separator" value="
"/>
    <property name="java.vm.specification.vendor" value="Oracle Corporation"/>
    <property name="user.variant" value=""/>
    <property name="os.name" value="Windows 10"/>
    <property name="classworlds.conf" value="C:\Program Files\apache-maven-3.5.4\bin\..\bin\m2.conf"/>
    <property name="sun.jnu.encoding" value="Cp1252"/>
    <property name="java.library.path" value="C:\Program Files\Java\jdk1.8.0_162\bin;C:\WINDOWS\Sun\Java\bin;C:\WINDOWS\system32;C:\WINDOWS;C:\Program Files (x86)\Common Files\Oracle\Java\javapath;C:\ProgramData\Oracle\Java\javapath;C:\WINDOWS\system32;C:\WINDOWS;C:\WINDOWS\System32\Wbem;C:\WINDOWS\System32\WindowsPowerShell\v1.0\;C:\Program Files\Java\jdk1.8.0_162\bin;C:\laf\firefox;C:\Program Files\PuTTY\;C:\Program Files\Perforce\;C:\Program Files\apache-maven-3.5.4\bin;C:\Program Files\Git\cmd;C:\Program Files (x86)\PICT\;C:\Users\I350380\AppData\Local\Microsoft\WindowsApps;C:\Users\I350380\AppData\Local\GitHubDesktop\bin;C:\groovy-2.4.5\bin;C:\gradle\bin;C:\spring\bin;;."/>
    <property name="maven.conf" value="C:\Program Files\apache-maven-3.5.4\bin\../conf"/>
    <property name="java.specification.name" value="Java Platform API Specification"/>
    <property name="java.class.version" value="52.0"/>
    <property name="sun.management.compiler" value="HotSpot 64-Bit Tiered Compilers"/>
    <property name="os.version" value="10.0"/>
    <property name="library.jansi.path" value="C:\Program Files\apache-maven-3.5.4\bin\..\lib\jansi-native"/>
    <property name="user.home" value="C:\Users\I350380"/>
    <property name="user.timezone" value="Europe/London"/>
    <property name="java.awt.printerjob" value="sun.awt.windows.WPrinterJob"/>
    <property name="java.specification.version" value="1.8"/>
    <property name="file.encoding" value="Cp1252"/>
    <property name="user.name" value="I350380"/>
    <property name="java.class.path" value="C:\Program Files\apache-maven-3.5.4\bin\..\boot\plexus-classworlds-2.5.2.jar"/>
    <property name="java.vm.specification.version" value="1.8"/>
    <property name="sun.arch.data.model" value="64"/>
    <property name="java.home" value="C:\Program Files\Java\jdk1.8.0_162\jre"/>
    <property name="sun.java.command" value="org.codehaus.plexus.classworlds.launcher.Launcher test"/>
    <property name="java.specification.vendor" value="Oracle Corporation"/>
    <property name="user.language" value="en"/>
    <property name="awt.toolkit" value="sun.awt.windows.WToolkit"/>
    <property name="java.vm.info" value="mixed mode"/>
    <property name="java.version" value="1.8.0_162"/>
    <property name="java.ext.dirs" value="C:\Program Files\Java\jdk1.8.0_162\jre\lib\ext;C:\WINDOWS\Sun\Java\lib\ext"/>
    <property name="sun.boot.class.path" value="C:\Program Files\Java\jdk1.8.0_162\jre\lib\resources.jar;C:\Program Files\Java\jdk1.8.0_162\jre\lib\rt.jar;C:\Program Files\Java\jdk1.8.0_162\jre\lib\sunrsasign.jar;C:\Program Files\Java\jdk1.8.0_162\jre\lib\jsse.jar;C:\Program Files\Java\jdk1.8.0_162\jre\lib\jce.jar;C:\Program Files\Java\jdk1.8.0_162\jre\lib\charsets.jar;C:\Program Files\Java\jdk1.8.0_162\jre\lib\jfr.jar;C:\Program Files\Java\jdk1.8.0_162\jre\classes"/>
    <property name="sun.stderr.encoding" value="cp850"/>
    <property name="java.vendor" value="Oracle Corporation"/>
    <property name="maven.home" value="C:\Program Files\apache-maven-3.5.4\bin\.."/>
    <property name="file.separator" value="\"/>
    <property name="java.vendor.url.bug" value="http://bugreport.sun.com/bugreport/"/>
    <property name="sun.cpu.endian" value="little"/>
    <property name="sun.io.unicode.encoding" value="UnicodeLittle"/>
    <property name="sun.stdout.encoding" value="cp850"/>
    <property name="sun.desktop" value="windows"/>
    <property name="sun.cpu.isalist" value="amd64"/>
  </properties>
  <testcase classname="com.james.training.JIRA.api.CreateJIRAIssueTest" name="postJIRAAuthenticationTest" time="0.003">
    <failure type="java.lang.NullPointerException">java.lang.NullPointerException
	at com.james.training.JIRA.api.CreateJIRAIssueTest.postJIRAAuthenticationTest(CreateJIRAIssueTest.java:35)
</failure>
    <system-out>Configuring TestNG with: org.apache.maven.surefire.testng.conf.TestNGMapConfigurator@4dcbadb4
</system-out>
  </testcase>
  <testcase classname="com.james.training.JIRA.api.CreateJIRAIssueTest" name="JiraAPIUpdateComment" time="0.004">
    <skipped/>
  </testcase>
  <testcase classname="com.james.training.JIRA.api.CreateJIRAIssueTest" name="postJiraCreateIssue" time="0.004">
    <skipped/>
  </testcase>
  <testcase classname="com.james.training.JIRA.api.CreateJIRAIssueTest" name="JiraAPICreateNewComment" time="0.004">
    <skipped/>
  </testcase>
  <testcase classname="com.james.training.RestAssuredExcelDrivenTestingFramework.AppRunnerExcelDrivenTest" name="postJsonRequestAddAllBookFieldsTest" time="0.007">
    <skipped/>
  </testcase>
  <testcase classname="com.james.training.RestAssuredExcelDrivenTestingFramework.AppRunnerExcelDrivenTest" name="deleteBookJsonRequestTest" time="0.008">
    <skipped/>
  </testcase>
  <testcase classname="com.james.training.RestAssuredMysqlDrivenTestingFramework.AppRunnerMysqlDrivenTest" name="postJsonRequestAddBookaLLFieldsTest" time="0.008">
    <skipped/>
  </testcase>
  <testcase classname="com.james.training.RestAssuredMysqlDrivenTestingFramework.AppRunnerMysqlDrivenTest" name="deleteBookJsonRequestTest" time="0.008">
    <skipped/>
  </testcase>
  <testcase classname="com.james.training.RestAssuredTestingFramework.AppRunnerXMLTest" name="getXMLRequestAllNamesArrayTest" time="2.486"/>
  <testcase classname="com.james.training.tweeter.api.TweeterApiTest" name="postTweetOAuthTest" time="0">
    <failure type="java.lang.NullPointerException">java.lang.NullPointerException
	at com.james.training.tweeter.api.TweeterApiTest.postTweetOAuthTest(TweeterApiTest.java:22)
</failure>
  </testcase>
  <testcase classname="com.james.training.tweeter.api.TweeterApiTest" name="getTweetOAuthTest" time="0">
    <failure type="java.lang.NullPointerException">java.lang.NullPointerException
	at com.james.training.tweeter.api.TweeterApiTest.getTweetOAuthTest(TweeterApiTest.java:53)
</failure>
  </testcase>
  <testcase classname="com.james.training.RestAssuredTestingFramework.AppRunnerJsonTest" name="getJsonRequestExtractAllNamesAndLoggingTest" time="0">
    <failure type="java.lang.NullPointerException">java.lang.NullPointerException
	at com.james.training.RestAssuredTestingFramework.AppRunnerJsonTest.getJsonRequestExtractAllNamesAndLoggingTest(AppRunnerJsonTest.java:59)
</failure>
  </testcase>
</testsuite>